voiplib/build/intermediates/manifest_merge_blame_file/release/manifest-merger-blame-release-report.txt
1<?xml version="1.0" encoding="utf-8"?>
2<manifest xmlns:android="http://schemas.android.com/apk/res/android"
3    package="com.pdc.voiplib" >
4
5    <uses-sdk android:minSdkVersion="21" />
5-->ProcessLibraryManifest/release/tempAndroidManifest8349950276660291870.xml
6
7</manifest>